Determining if the Q_WS_WIN exist failed with the following output:
Change Dir: /mnt/safer/home/jpuchky/Projects/grive/bgrive/CMakeFiles/CMakeTmp

Run Build Command:/usr/bin/gmake "cmTryCompileExec2007490672/fast"
/usr/bin/gmake -f CMakeFiles/cmTryCompileExec2007490672.dir/build.make CMakeFiles/cmTryCompileExec2007490672.dir/build
gmake[1]: Entering directory `/mnt/safer/home/jpuchky/Projects/grive/bgrive/CMakeFiles/CMakeTmp'
/usr/bin/cmake -E cmake_progress_report /mnt/safer/home/jpuchky/Projects/grive/bgrive/CMakeFiles/CMakeTmp/CMakeFiles 1
Building CXX object CMakeFiles/cmTryCompileExec2007490672.dir/CheckSymbolExists.cxx.o
/usr/bin/c++     -o CMakeFiles/cmTryCompileExec2007490672.dir/CheckSymbolExists.cxx.o -c /mnt/safer/home/jpuchky/Projects/grive/bgrive/CMakeFiles/CMakeTmp/CheckSymbolExists.cxx
/mnt/safer/home/jpuchky/Projects/grive/bgrive/CMakeFiles/CMakeTmp/CheckSymbolExists.cxx: In function ‘int main(int, char**)’:
/mnt/safer/home/jpuchky/Projects/grive/bgrive/CMakeFiles/CMakeTmp/CheckSymbolExists.cxx:8: error: ‘Q_WS_WIN’ was not declared in this scope
gmake[1]: Leaving directory `/mnt/safer/home/jpuchky/Projects/grive/bgrive/CMakeFiles/CMakeTmp'
gmake[1]: *** [CMakeFiles/cmTryCompileExec2007490672.dir/CheckSymbolExists.cxx.o] Error 1
gmake: *** [cmTryCompileExec2007490672/fast] Error 2

File /mnt/safer/home/jpuchky/Projects/grive/bgrive/CMakeFiles/CMakeTmp/CheckSymbolExists.cxx:
/* */
#include <QtCore/qglobal.h>

int main(int argc, char** argv)
{
  (void)argv;
#ifndef Q_WS_WIN
  return ((int*)(&Q_WS_WIN))[argc];
#else
  (void)argc;
  return 0;
#endif
}

Determining if the Q_WS_QWS exist failed with the following output:
Change Dir: /mnt/safer/home/jpuchky/Projects/grive/bgrive/CMakeFiles/CMakeTmp

Run Build Command:/usr/bin/gmake "cmTryCompileExec1224752420/fast"
/usr/bin/gmake -f CMakeFiles/cmTryCompileExec1224752420.dir/build.make CMakeFiles/cmTryCompileExec1224752420.dir/build
gmake[1]: Entering directory `/mnt/safer/home/jpuchky/Projects/grive/bgrive/CMakeFiles/CMakeTmp'
/usr/bin/cmake -E cmake_progress_report /mnt/safer/home/jpuchky/Projects/grive/bgrive/CMakeFiles/CMakeTmp/CMakeFiles 1
Building CXX object CMakeFiles/cmTryCompileExec1224752420.dir/CheckSymbolExists.cxx.o
/usr/bin/c++     -o CMakeFiles/cmTryCompileExec1224752420.dir/CheckSymbolExists.cxx.o -c /mnt/safer/home/jpuchky/Projects/grive/bgrive/CMakeFiles/CMakeTmp/CheckSymbolExists.cxx
/mnt/safer/home/jpuchky/Projects/grive/bgrive/CMakeFiles/CMakeTmp/CheckSymbolExists.cxx: In function ‘int main(int, char**)’:
/mnt/safer/home/jpuchky/Projects/grive/bgrive/CMakeFiles/CMakeTmp/CheckSymbolExists.cxx:8: error: ‘Q_WS_QWS’ was not declared in this scope
gmake[1]: Leaving directory `/mnt/safer/home/jpuchky/Projects/grive/bgrive/CMakeFiles/CMakeTmp'
gmake[1]: *** [CMakeFiles/cmTryCompileExec1224752420.dir/CheckSymbolExists.cxx.o] Error 1
gmake: *** [cmTryCompileExec1224752420/fast] Error 2

File /mnt/safer/home/jpuchky/Projects/grive/bgrive/CMakeFiles/CMakeTmp/CheckSymbolExists.cxx:
/* */
#include <QtCore/qglobal.h>

int main(int argc, char** argv)
{
  (void)argv;
#ifndef Q_WS_QWS
  return ((int*)(&Q_WS_QWS))[argc];
#else
  (void)argc;
  return 0;
#endif
}

Determining if the Q_WS_MAC exist failed with the following output:
Change Dir: /mnt/safer/home/jpuchky/Projects/grive/bgrive/CMakeFiles/CMakeTmp

Run Build Command:/usr/bin/gmake "cmTryCompileExec983073199/fast"
/usr/bin/gmake -f CMakeFiles/cmTryCompileExec983073199.dir/build.make CMakeFiles/cmTryCompileExec983073199.dir/build
gmake[1]: Entering directory `/mnt/safer/home/jpuchky/Projects/grive/bgrive/CMakeFiles/CMakeTmp'
/usr/bin/cmake -E cmake_progress_report /mnt/safer/home/jpuchky/Projects/grive/bgrive/CMakeFiles/CMakeTmp/CMakeFiles 1
Building CXX object CMakeFiles/cmTryCompileExec983073199.dir/CheckSymbolExists.cxx.o
/usr/bin/c++     -o CMakeFiles/cmTryCompileExec983073199.dir/CheckSymbolExists.cxx.o -c /mnt/safer/home/jpuchky/Projects/grive/bgrive/CMakeFiles/CMakeTmp/CheckSymbolExists.cxx
/mnt/safer/home/jpuchky/Projects/grive/bgrive/CMakeFiles/CMakeTmp/CheckSymbolExists.cxx: In function ‘int main(int, char**)’:
/mnt/safer/home/jpuchky/Projects/grive/bgrive/CMakeFiles/CMakeTmp/CheckSymbolExists.cxx:8: error: ‘Q_WS_MAC’ was not declared in this scope
gmake[1]: Leaving directory `/mnt/safer/home/jpuchky/Projects/grive/bgrive/CMakeFiles/CMakeTmp'
gmake[1]: *** [CMakeFiles/cmTryCompileExec983073199.dir/CheckSymbolExists.cxx.o] Error 1
gmake: *** [cmTryCompileExec983073199/fast] Error 2

File /mnt/safer/home/jpuchky/Projects/grive/bgrive/CMakeFiles/CMakeTmp/CheckSymbolExists.cxx:
/* */
#include <QtCore/qglobal.h>

int main(int argc, char** argv)
{
  (void)argv;
#ifndef Q_WS_MAC
  return ((int*)(&Q_WS_MAC))[argc];
#else
  (void)argc;
  return 0;
#endif
}

